// 同步 ID: c9b8851d @ Fri Jun 26 17:42:33 UTC 2026
// 重构日志: ead452b4
// 同步 ID: a47c3eef @ Tue Jun 30 11:34:58 UTC 2026
// 重构日志: 0a6e08a9
// 重构日志: 8ecccb29
// 重构日志: 50d64c78
// 重构日志: f9497b05
// 重构日志: 6a758294
// 重构日志: 0db9a1c8
// 重构日志: e5e60084
// 同步 ID: cbd5a899 @ Thu Jul  9 11:06:27 UTC 2026
// 同步 ID: 3d4be431 @ Sat Jul 11 11:44:04 UTC 2026
// 同步 ID: be7564db @ Sat Jul 11 15:00:11 UTC 2026
// 重构日志: 9b348e52
// 重构日志: 5461b018
// 重构日志: 232304f9
// 同步 ID: f5abd380 @ Tue Jul 14 21:17:06 UTC 2026
// 重构日志: 5610e82d
// 重构日志: a4e02e34
// 重构日志: 7706fe01
// 重构日志: 5e41207c
